\BOOKMARK [1][-]{section.1}{Introdu\347\343o}{}% 1
\BOOKMARK [1][-]{section.2}{Caracteriza\347\343o do Curso}{}% 2
\BOOKMARK [2][-]{subsection.2.1}{Objetivos do Curso}{section.2}% 3
\BOOKMARK [2][-]{subsection.2.2}{Area de Atividade}{section.2}% 4
\BOOKMARK [2][-]{subsection.2.3}{Contactos}{section.2}% 5
\BOOKMARK [1][-]{section.3}{Recursos Materiais}{}% 6
\BOOKMARK [2][-]{subsection.3.1}{Hardware}{section.3}% 7
\BOOKMARK [2][-]{subsection.3.2}{Software}{section.3}% 8
\BOOKMARK [3][-]{subsubsection.3.2.1}{Curso}{subsection.3.2}% 9
\BOOKMARK [3][-]{subsubsection.3.2.2}{Manual de Utilizador}{subsection.3.2}% 10
\BOOKMARK [3][-]{subsubsection.3.2.3}{Relat\363rio}{subsection.3.2}% 11
\BOOKMARK [1][-]{section.4}{Descri\347\343o das Atividades Realizadas}{}% 12
\BOOKMARK [2][-]{subsection.4.1}{1\252 Semana}{section.4}% 13
\BOOKMARK [3][-]{subsubsection.4.1.1}{Programa que devolve uma mensagem}{subsection.4.1}% 14
\BOOKMARK [3][-]{subsubsection.4.1.2}{Programa que Devolve o Resultado de uma Opera\347\343o Matem\341tica}{subsection.4.1}% 15
\BOOKMARK [3][-]{subsubsection.4.1.3}{Programa que Devolve a Tabuada de um N\372mero}{subsection.4.1}% 16
\BOOKMARK [3][-]{subsubsection.4.1.4}{Programa que Devolve o Valor Presente num Espa\347o de um Array}{subsection.4.1}% 17
\BOOKMARK [3][-]{subsubsection.4.1.5}{Programa que Cria um formul\341rio}{subsection.4.1}% 18
\BOOKMARK [3][-]{subsubsection.4.1.6}{Programa que Define COOKIES e em Seguida Devolve-as}{subsection.4.1}% 19
\BOOKMARK [3][-]{subsubsection.4.1.7}{Programa que Define Vari\341vies de Sess\343o por Meio de um Formul\341rio e em Seguida Devolve-as}{subsection.4.1}% 20
\BOOKMARK [2][-]{subsection.4.2}{2\252 Semana}{section.4}% 21
\BOOKMARK [3][-]{subsubsection.4.2.1}{Cria\347\343o de Tabelas Relacionadas }{subsection.4.2}% 22
\BOOKMARK [3][-]{subsubsection.4.2.2}{Cria\347\343o de Utilizadores e Defini\347\343o dos seus Privil\351gios}{subsection.4.2}% 23
\BOOKMARK [3][-]{subsubsection.4.2.3}{Cria\347\343o de Uma Base de Dados Relacional }{subsection.4.2}% 24
\BOOKMARK [2][-]{subsection.4.3}{3\252 Semana}{section.4}% 25
\BOOKMARK [2][-]{subsection.4.4}{4\252 Semana}{section.4}% 26
\BOOKMARK [1][-]{section.5}{Reflex\343o Final}{}% 27
