This is pdfTeX, Version 3.14159265-2.6-1.40.20 (TeX Live 2019/Arch Linux) (preloaded format=pdflatex 2020.7.7)  16 JUL 2020 02:37
entering extended mode
 \write18 enabled.
 %&-line parsing enabled.
**default_signature.tex
(./default_signature.tex
LaTeX2e <2019-10-01> patch level 1
)
! Emergency stop.
<*> default_signature.tex
                         
*** (job aborted, no legal \end found)

 
Here is how much of TeX's memory you used:
 11 strings out of 492167
 237 string characters out of 6131559
 59016 words of memory out of 5000000
 4474 multiletter control sequences out of 15000+600000
 3640 words of font info for 14 fonts, out of 8000000 for 9000
 1141 hyphenation exceptions out of 8191
 5i,0n,1p,149b,8s stack positions out of 5000i,500n,10000p,200000b,80000s
!  ==> Fatal error occurred, no output PDF file produced!
